<?xml version="1.0" encoding="UTF-8"?>
<testng-results ignored="0" total="1" passed="1" failed="0" skipped="0">
  <reporter-output>
  </reporter-output>
  <suite started-at="2021-08-05T13:56:12 WAT" name="Default suite" finished-at="2021-08-05T13:58:03 WAT" duration-ms="111197">
    <groups>
    </groups>
    <test started-at="2021-08-05T13:56:12 WAT" name="Default test" finished-at="2021-08-05T13:58:03 WAT" duration-ms="111197">
      <class name="tests.User_signup">
        <test-method signature="validate_registration()[pri:0, instance:tests.User_signup@156b88f5]" started-at="2021-08-05T13:56:12 WAT" name="validate_registration" finished-at="2021-08-05T13:57:59 WAT" duration-ms="106961" status="PASS">
          <reporter-output>
          </reporter-output>
        </test-method> <!-- validate_registration -->
        <test-method is-config="true" signature="teardown()[pri:0, instance:tests.User_signup@156b88f5]" started-at="2021-08-05T13:57:59 WAT" name="teardown" finished-at="2021-08-05T13:58:03 WAT" duration-ms="4197" status="PASS">
          <reporter-output>
          </reporter-output>
        </test-method> <!-- teardown -->
      </class> <!-- tests.User_signup -->
    </test> <!-- Default test -->
  </suite> <!-- Default suite -->
</testng-results>
